<?xml version="1.0" encoding="UTF-8"?>
<testsuite xmlns:xsi="http://www.w3.org/2001/XMLSchema-instance" xsi:noNamespaceSchemaLocation="https://maven.apache.org/surefire/maven-surefire-plugin/xsd/surefire-test-report.xsd" name="com.javaworld.sample.HelloWorld.TestMyService" time="0.027" tests="1" errors="0" skipped="0" failures="0">
  <properties>
    <property name="awt.toolkit" value="sun.awt.X11.XToolkit"/>
    <property name="java.specification.version" value="1.8"/>
    <property name="sun.cpu.isalist" value=""/>
    <property name="sun.jnu.encoding" value="UTF-8"/>
    <property name="osgi.nl" value="en_US"/>
    <property name="osgi.syspath" value="/home/ivan/.m2/repository/p2/osgi/bundle/org.eclipse.osgi/3.13.300.v20190218-1622"/>
    <property name="sun.arch.data.model" value="64"/>
    <property name="equinox.init.uuid" value="true"/>
    <property name="ds.delayed.keepInstances.default" value="true"/>
    <property name="java.vendor.url" value="http://java.oracle.com/"/>
    <property name="org.osgi.framework.system.capabilities" value="osgi.ee; osgi.ee=&quot;OSGi/Minimum&quot;; version:List&lt;Version&gt;=&quot;1.0, 1.1, 1.2&quot;,osgi.ee; osgi.ee=&quot;JRE&quot;; version:List&lt;Version&gt;=&quot;1.0, 1.1&quot;,osgi.ee; osgi.ee=&quot;JavaSE&quot;; version:List&lt;Version&gt;=&quot;1.0, 1.1, 1.2, 1.3, 1.4, 1.5, 1.6, 1.7, 1.8&quot;,osgi.ee; osgi.ee=&quot;JavaSE/compact1&quot;; version:List&lt;Version&gt;=&quot;1.8&quot;,osgi.ee; osgi.ee=&quot;JavaSE/compact2&quot;; version:List&lt;Version&gt;=&quot;1.8&quot;,osgi.ee; osgi.ee=&quot;JavaSE/compact3&quot;; version:List&lt;Version&gt;=&quot;1.8&quot;"/>
    <property name="sun.boot.library.path" value="/home/ivan/dev/tools/jvm/jdk1.8.0_202/jre/lib/amd64"/>
    <property name="sun.java.command" value="/home/ivan/.m2/repository/p2/osgi/bundle/org.eclipse.equinox.launcher/1.5.300.v20190213-1655/org.eclipse.equinox.launcher-1.5.300.v20190213-1655.jar -data /home/ivan/test-eclipse-workspace/com.javaworld.sample.HelloWorld.tests/target/work/data -install /home/ivan/test-eclipse-workspace/com.javaworld.sample.HelloWorld.tests/target/work -configuration /home/ivan/test-eclipse-workspace/com.javaworld.sample.HelloWorld.tests/target/work/configuration -application org.eclipse.tycho.surefire.osgibooter.headlesstest -testproperties /home/ivan/test-eclipse-workspace/com.javaworld.sample.HelloWorld.tests/target/surefire.properties"/>
    <property name="org.osgi.supports.framework.requirebundle" value="true"/>
    <property name="osgi.arch" value="x86_64"/>
    <property name="org.osgi.framework.system.packages" value="java.applet,java.awt,java.awt.color,java.awt.datatransfer,java.awt.dnd,java.awt.event,java.awt.font,java.awt.geom,java.awt.im,java.awt.im.spi,java.awt.image,java.awt.image.renderable,java.awt.print,java.beans,java.beans.beancontext,java.io,java.lang,java.lang.annotation,java.lang.instrument,java.lang.invoke,java.lang.management,java.lang.ref,java.lang.reflect,java.math,java.net,java.nio,java.nio.channels,java.nio.channels.spi,java.nio.charset,java.nio.charset.spi,java.nio.file,java.nio.file.attribute,java.nio.file.spi,java.rmi,java.rmi.activation,java.rmi.dgc,java.rmi.registry,java.rmi.server,java.security,java.security.acl,java.security.cert,java.security.interfaces,java.security.spec,java.sql,java.text,java.text.spi,java.time,java.time.chrono,java.time.format,java.time.temporal,java.time.zone,java.util,java.util.concurrent,java.util.concurrent.atomic,java.util.concurrent.locks,java.util.function,java.util.jar,java.util.logging,java.util.prefs,java.util.regex,java.util.spi,java.util.stream,java.util.zip,javax.accessibility,javax.activation,javax.activity,javax.annotation,javax.annotation.processing,javax.crypto,javax.crypto.interfaces,javax.crypto.spec,javax.imageio,javax.imageio.event,javax.imageio.metadata,javax.imageio.plugins.bmp,javax.imageio.plugins.jpeg,javax.imageio.spi,javax.imageio.stream,javax.jws,javax.jws.soap,javax.lang.model,javax.lang.model.element,javax.lang.model.type,javax.lang.model.util,javax.management,javax.management.loading,javax.management.modelmbean,javax.management.monitor,javax.management.openmbean,javax.management.relation,javax.management.remote,javax.management.remote.rmi,javax.management.timer,javax.naming,javax.naming.directory,javax.naming.event,javax.naming.ldap,javax.naming.spi,javax.net,javax.net.ssl,javax.print,javax.print.attribute,javax.print.attribute.standard,javax.print.event,javax.rmi,javax.rmi.CORBA,javax.rmi.ssl,javax.script,javax.security.auth,javax.security.auth.callback,javax.security.auth.kerberos,javax.security.auth.login,javax.security.auth.spi,javax.security.auth.x500,javax.security.cert,javax.security.sasl,javax.sound.midi,javax.sound.midi.spi,javax.sound.sampled,javax.sound.sampled.spi,javax.sql,javax.sql.rowset,javax.sql.rowset.serial,javax.sql.rowset.spi,javax.swing,javax.swing.border,javax.swing.colorchooser,javax.swing.event,javax.swing.filechooser,javax.swing.plaf,javax.swing.plaf.basic,javax.swing.plaf.metal,javax.swing.plaf.multi,javax.swing.plaf.nimbus,javax.swing.plaf.synth,javax.swing.table,javax.swing.text,javax.swing.text.html,javax.swing.text.html.parser,javax.swing.text.rtf,javax.swing.tree,javax.swing.undo,javax.tools,javax.transaction,javax.transaction.xa,javax.xml,javax.xml.bind,javax.xml.bind.annotation,javax.xml.bind.annotation.adapters,javax.xml.bind.attachment,javax.xml.bind.helpers,javax.xml.bind.util,javax.xml.crypto,javax.xml.crypto.dom,javax.xml.crypto.dsig,javax.xml.crypto.dsig.dom,javax.xml.crypto.dsig.keyinfo,javax.xml.crypto.dsig.spec,javax.xml.datatype,javax.xml.namespace,javax.xml.parsers,javax.xml.soap,javax.xml.stream,javax.xml.stream.events,javax.xml.stream.util,javax.xml.transform,javax.xml.transform.dom,javax.xml.transform.sax,javax.xml.transform.stax,javax.xml.transform.stream,javax.xml.validation,javax.xml.ws,javax.xml.ws.handler,javax.xml.ws.handler.soap,javax.xml.ws.http,javax.xml.ws.soap,javax.xml.ws.spi,javax.xml.ws.spi.http,javax.xml.ws.wsaddressing,javax.xml.xpath,org.ietf.jgss,org.omg.CORBA,org.omg.CORBA_2_3,org.omg.CORBA_2_3.portable,org.omg.CORBA.DynAnyPackage,org.omg.CORBA.ORBPackage,org.omg.CORBA.portable,org.omg.CORBA.TypeCodePackage,org.omg.CosNaming,org.omg.CosNaming.NamingContextExtPackage,org.omg.CosNaming.NamingContextPackage,org.omg.Dynamic,org.omg.DynamicAny,org.omg.DynamicAny.DynAnyFactoryPackage,org.omg.DynamicAny.DynAnyPackage,org.omg.IOP,org.omg.IOP.CodecFactoryPackage,org.omg.IOP.CodecPackage,org.omg.Messaging,org.omg.PortableInterceptor,org.omg.PortableInterceptor.ORBInitInfoPackage,org.omg.PortableServer,org.omg.PortableServer.CurrentPackage,org.omg.PortableServer.POAManagerPackage,org.omg.PortableServer.POAPackage,org.omg.PortableServer.portable,org.omg.PortableServer.ServantLocatorPackage,org.omg.SendingContext,org.omg.stub.java.rmi,org.w3c.dom,org.w3c.dom.bootstrap,org.w3c.dom.css,org.w3c.dom.events,org.w3c.dom.html,org.w3c.dom.ls,org.w3c.dom.ranges,org.w3c.dom.stylesheets,org.w3c.dom.traversal,org.w3c.dom.views,org.w3c.dom.xpath,org.xml.sax,org.xml.sax.ext,org.xml.sax.helpers"/>
    <property name="org.osgi.framework.language" value="en"/>
    <property name="java.specification.vendor" value="Oracle Corporation"/>
    <property name="eclipse.application" value="org.eclipse.tycho.surefire.osgibooter.headlesstest"/>
    <property name="gosh.args" value="--nointeractive"/>
    <property name="java.home" value="/home/ivan/dev/tools/jvm/jdk1.8.0_202/jre"/>
    <property name="file.separator" value="/"/>
    <property name="osgi.noShutdown" value="false"/>
    <property name="line.separator" value="&#10;"/>
    <property name="org.osgi.framework.executionenvironment" value="OSGi/Minimum-1.0,OSGi/Minimum-1.1,OSGi/Minimum-1.2,JavaSE/compact1-1.8,JavaSE/compact2-1.8,JavaSE/compact3-1.8,JRE-1.1,J2SE-1.2,J2SE-1.3,J2SE-1.4,J2SE-1.5,JavaSE-1.6,JavaSE-1.7,JavaSE-1.8"/>
    <property name="java.vm.specification.vendor" value="Oracle Corporation"/>
    <property name="osgi.compatibility.bootdelegation.default" value="true"/>
    <property name="java.specification.name" value="Java Platform API Specification"/>
    <property name="sun.boot.class.path" value="/home/ivan/dev/tools/jvm/jdk1.8.0_202/jre/lib/resources.jar:/home/ivan/dev/tools/jvm/jdk1.8.0_202/jre/lib/rt.jar:/home/ivan/dev/tools/jvm/jdk1.8.0_202/jre/lib/sunrsasign.jar:/home/ivan/dev/tools/jvm/jdk1.8.0_202/jre/lib/jsse.jar:/home/ivan/dev/tools/jvm/jdk1.8.0_202/jre/lib/jce.jar:/home/ivan/dev/tools/jvm/jdk1.8.0_202/jre/lib/charsets.jar:/home/ivan/dev/tools/jvm/jdk1.8.0_202/jre/lib/jfr.jar:/home/ivan/dev/tools/jvm/jdk1.8.0_202/jre/classes"/>
    <property name="sun.management.compiler" value="HotSpot 64-Bit Tiered Compilers"/>
    <property name="java.runtime.version" value="1.8.0_202-b08"/>
    <property name="user.name" value="ivan"/>
    <property name="osgi.framework.useSystemProperties" value="true"/>
    <property name="org.osgi.framework.vendor" value="Eclipse"/>
    <property name="file.encoding" value="UTF-8"/>
    <property name="osgi.dev" value="file:/home/ivan/test-eclipse-workspace/com.javaworld.sample.HelloWorld.tests/target/work/dev.properties"/>
    <property name="java.io.tmpdir" value="/tmp"/>
    <property name="eclipse.home.location" value="file:/home/ivan/test-eclipse-workspace/com.javaworld.sample.HelloWorld.tests/target/work/"/>
    <property name="java.version" value="1.8.0_202"/>
    <property name="osgi.bundles.defaultStartLevel" value="4"/>
    <property name="java.vm.specification.name" value="Java Virtual Machine Specification"/>
    <property name="java.awt.printerjob" value="sun.print.PSPrinterJob"/>
    <property name="sun.os.patch.level" value="unknown"/>
    <property name="osgi.configuration.cascaded" value="false"/>
    <property name="java.library.path" value="/usr/java/packages/lib/amd64:/usr/lib64:/lib64:/lib:/usr/lib"/>
    <property name="java.vendor" value="Oracle Corporation"/>
    <property name="sun.io.unicode.encoding" value="UnicodeLittle"/>
    <property name="eclipse.stateSaveDelayInterval" value="30000"/>
    <property name="sun.desktop" value="gnome"/>
    <property name="osgi.checkConfiguration" value="true"/>
    <property name="file.encoding.pkg" value="sun.io"/>
    <property name="org.osgi.framework.version" value="1.9.0"/>
    <property name="java.class.path" value="/home/ivan/.m2/repository/p2/osgi/bundle/org.eclipse.equinox.launcher/1.5.300.v20190213-1655/org.eclipse.equinox.launcher-1.5.300.v20190213-1655.jar"/>
    <property name="osgi.bundlefile.limit" value="100"/>
    <property name="java.vm.vendor" value="Oracle Corporation"/>
    <property name="user.timezone" value="Europe/Berlin"/>
    <property name="org.osgi.framework.uuid" value="79204e86-9a51-4f23-8c02-2a8944566ca4"/>
    <property name="os.name" value="Linux"/>
    <property name="org.osgi.framework.processor" value="x86-64"/>
    <property name="java.vm.specification.version" value="1.8"/>
    <property name="sun.java.launcher" value="SUN_STANDARD"/>
    <property name="user.country" value="US"/>
    <property name="sun.cpu.endian" value="little"/>
    <property name="osgi.logfile" value="/home/ivan/test-eclipse-workspace/com.javaworld.sample.HelloWorld.tests/target/work/configuration/1555841326292.log"/>
    <property name="osgi.install.area" value="file:/home/ivan/test-eclipse-workspace/com.javaworld.sample.HelloWorld.tests/target/work/"/>
    <property name="user.home" value="/home/ivan"/>
    <property name="user.language" value="en"/>
    <property name="java.awt.graphicsenv" value="sun.awt.X11GraphicsEnvironment"/>
    <property name="ds.delayed.keepInstances" value="true"/>
    <property name="eclipse.commands" value="-data&#10;/home/ivan/test-eclipse-workspace/com.javaworld.sample.HelloWorld.tests/target/work/data&#10;-install&#10;/home/ivan/test-eclipse-workspace/com.javaworld.sample.HelloWorld.tests/target/work&#10;-configuration&#10;/home/ivan/test-eclipse-workspace/com.javaworld.sample.HelloWorld.tests/target/work/configuration&#10;-application&#10;org.eclipse.tycho.surefire.osgibooter.headlesstest&#10;-testproperties&#10;/home/ivan/test-eclipse-workspace/com.javaworld.sample.HelloWorld.tests/target/surefire.properties&#10;"/>
    <property name="path.separator" value=":"/>
    <property name="osgi.compatibility.bootdelegation" value="true"/>
    <property name="os.version" value="4.15.0-20-generic"/>
    <property name="java.endorsed.dirs" value="/home/ivan/dev/tools/jvm/jdk1.8.0_202/jre/lib/endorsed"/>
    <property name="java.runtime.name" value="Java(TM) SE Runtime Environment"/>
    <property name="org.osgi.supports.framework.fragment" value="true"/>
    <property name="osgi.bundles" value="reference:file:/home/ivan/test-eclipse-workspace/com.javaworld.sample.HelloWorld/target/com.javaworld.sample.HelloWorld-1.0.0.jar,reference:file:/home/ivan/test-eclipse-workspace/com.javaworld.sample.HelloWorld.tests,reference:file:/home/ivan/.m2/repository/p2/osgi/bundle/org.junit/4.12.0.v201504281640/org.junit-4.12.0.v201504281640.jar,reference:file:/home/ivan/.m2/repository/p2/osgi/bundle/org.eclipse.core.contenttype/3.7.300.v20190215-2048/org.eclipse.core.contenttype-3.7.300.v20190215-2048.jar,reference:file:/home/ivan/.m2/repository/p2/osgi/bundle/org.eclipse.equinox.preferences/3.7.300.v20190218-2100/org.eclipse.equinox.preferences-3.7.300.v20190218-2100.jar,reference:file:/home/ivan/.m2/repository/p2/osgi/bundle/org.eclipse.equinox.registry/3.8.300.v20190218-2100/org.eclipse.equinox.registry-3.8.300.v20190218-2100.jar,reference:file:/home/ivan/.m2/repository/p2/osgi/bundle/org.eclipse.equinox.common/3.10.300.v20190218-2100/org.eclipse.equinox.common-3.10.300.v20190218-2100.jar@2:start,reference:file:/home/ivan/.m2/repository/p2/osgi/bundle/org.eclipse.core.jobs/3.10.300.v20190215-2048/org.eclipse.core.jobs-3.10.300.v20190215-2048.jar,reference:file:/home/ivan/.m2/repository/p2/osgi/bundle/org.eclipse.core.runtime/3.15.200.v20190301-1641/org.eclipse.core.runtime-3.15.200.v20190301-1641.jar@4:start,reference:file:/home/ivan/.m2/repository/p2/osgi/bundle/org.eclipse.equinox.app/1.4.100.v20190215-2139/org.eclipse.equinox.app-1.4.100.v20190215-2139.jar,reference:file:/home/ivan/.m2/repository/p2/osgi/bundle/org.eclipse.equinox.launcher/1.5.300.v20190213-1655/org.eclipse.equinox.launcher-1.5.300.v20190213-1655.jar,reference:file:/home/ivan/.m2/repository/p2/osgi/bundle/org.hamcrest.core/1.3.0.v20180420-1519/org.hamcrest.core-1.3.0.v20180420-1519.jar,reference:file:/home/ivan/.m2/repository/org/eclipse/tycho/org.eclipse.tycho.surefire.osgibooter/1.4.0/org.eclipse.tycho.surefire.osgibooter-1.4.0.jar,reference:file:/home/ivan/.m2/repository/org/eclipse/tycho/org.eclipse.tycho.surefire.junit4/1.4.0/org.eclipse.tycho.surefire.junit4-1.4.0.jar"/>
    <property name="osgi.framework.shape" value="jar"/>
    <property name="java.vm.name" value="Java HotSpot(TM) 64-Bit Server VM"/>
    <property name="osgi.framework" value="file:/home/ivan/.m2/repository/p2/osgi/bundle/org.eclipse.osgi/3.13.300.v20190218-1622/org.eclipse.osgi-3.13.300.v20190218-1622.jar"/>
    <property name="osgi.configuration.area" value="file:/home/ivan/test-eclipse-workspace/com.javaworld.sample.HelloWorld.tests/target/work/configuration/"/>
    <property name="osgi.os" value="linux"/>
    <property name="osgi.clean" value="true"/>
    <property name="java.vendor.url.bug" value="http://bugreport.sun.com/bugreport/"/>
    <property name="org.osgi.framework.os.name" value="Linux"/>
    <property name="org.osgi.supports.framework.extension" value="true"/>
    <property name="org.osgi.framework.storage" value="/home/ivan/test-eclipse-workspace/com.javaworld.sample.HelloWorld.tests/target/work/configuration"/>
    <property name="user.dir" value="/home/ivan/test-eclipse-workspace/com.javaworld.sample.HelloWorld.tests"/>
    <property name="os.arch" value="amd64"/>
    <property name="osgi.ws" value="gtk"/>
    <property name="osgi.instance.area" value="file:/home/ivan/test-eclipse-workspace/com.javaworld.sample.HelloWorld.tests/target/work/data/"/>
    <property name="eclipse.startTime" value="1555841326145"/>
    <property name="org.osgi.framework.os.version" value="4.15.0"/>
    <property name="java.vm.info" value="mixed mode"/>
    <property name="java.vm.version" value="25.202-b08"/>
    <property name="java.ext.dirs" value="/home/ivan/dev/tools/jvm/jdk1.8.0_202/jre/lib/ext:/usr/java/packages/lib/ext"/>
    <property name="java.class.version" value="52.0"/>
  </properties>
  <testcase name="testSumCompute" classname="com.javaworld.sample.HelloWorld.TestMyService" time="0.001"/>
</testsuite>